[2017-12-06T10:32:16.300] [ERROR] default - TypeError: Cannot read property 'length' of undefined
    at Query._callback (C:\Users\Administrator\Desktop\git\node\checkin\controllers\login\login.js:36:25)
    at Query.Sequence.end (C:\Users\Administrator\Desktop\git\node\checkin\node_modules\_mysql@2.15.0@mysql\lib\protocol\sequences\Sequence.js:88:24)
    at Query.ErrorPacket (C:\Users\Administrator\Desktop\git\node\checkin\node_modules\_mysql@2.15.0@mysql\lib\protocol\sequences\Query.js:90:8)
    at Protocol._parsePacket (C:\Users\Administrator\Desktop\git\node\checkin\node_modules\_mysql@2.15.0@mysql\lib\protocol\Protocol.js:279:23)
    at Parser.write (C:\Users\Administrator\Desktop\git\node\checkin\node_modules\_mysql@2.15.0@mysql\lib\protocol\Parser.js:76:12)
    at Protocol.write (C:\Users\Administrator\Desktop\git\node\checkin\node_modules\_mysql@2.15.0@mysql\lib\protocol\Protocol.js:39:16)
    at Socket.<anonymous> (C:\Users\Administrator\Desktop\git\node\checkin\node_modules\_mysql@2.15.0@mysql\lib\Connection.js:103:28)
    at emitOne (events.js:116:13)
    at Socket.emit (events.js:211:7)
    at addChunk (_stream_readable.js:263:12)
[2017-12-06T10:32:31.736] [ERROR] default - TypeError: Cannot read property 'length' of undefined
    at Query._callback (C:\Users\Administrator\Desktop\git\node\checkin\controllers\login\login.js:36:25)
    at Query.Sequence.end (C:\Users\Administrator\Desktop\git\node\checkin\node_modules\_mysql@2.15.0@mysql\lib\protocol\sequences\Sequence.js:88:24)
    at Query.ErrorPacket (C:\Users\Administrator\Desktop\git\node\checkin\node_modules\_mysql@2.15.0@mysql\lib\protocol\sequences\Query.js:90:8)
    at Protocol._parsePacket (C:\Users\Administrator\Desktop\git\node\checkin\node_modules\_mysql@2.15.0@mysql\lib\protocol\Protocol.js:279:23)
    at Parser.write (C:\Users\Administrator\Desktop\git\node\checkin\node_modules\_mysql@2.15.0@mysql\lib\protocol\Parser.js:76:12)
    at Protocol.write (C:\Users\Administrator\Desktop\git\node\checkin\node_modules\_mysql@2.15.0@mysql\lib\protocol\Protocol.js:39:16)
    at Socket.<anonymous> (C:\Users\Administrator\Desktop\git\node\checkin\node_modules\_mysql@2.15.0@mysql\lib\Connection.js:103:28)
    at emitOne (events.js:116:13)
    at Socket.emit (events.js:211:7)
    at addChunk (_stream_readable.js:263:12)
[2017-12-06T10:32:49.768] [ERROR] default - TypeError: Cannot read property 'length' of undefined
    at Query._callback (C:\Users\Administrator\Desktop\git\node\checkin\controllers\login\login.js:36:25)
    at Query.Sequence.end (C:\Users\Administrator\Desktop\git\node\checkin\node_modules\_mysql@2.15.0@mysql\lib\protocol\sequences\Sequence.js:88:24)
    at Query.ErrorPacket (C:\Users\Administrator\Desktop\git\node\checkin\node_modules\_mysql@2.15.0@mysql\lib\protocol\sequences\Query.js:90:8)
    at Protocol._parsePacket (C:\Users\Administrator\Desktop\git\node\checkin\node_modules\_mysql@2.15.0@mysql\lib\protocol\Protocol.js:279:23)
    at Parser.write (C:\Users\Administrator\Desktop\git\node\checkin\node_modules\_mysql@2.15.0@mysql\lib\protocol\Parser.js:76:12)
    at Protocol.write (C:\Users\Administrator\Desktop\git\node\checkin\node_modules\_mysql@2.15.0@mysql\lib\protocol\Protocol.js:39:16)
    at Socket.<anonymous> (C:\Users\Administrator\Desktop\git\node\checkin\node_modules\_mysql@2.15.0@mysql\lib\Connection.js:103:28)
    at emitOne (events.js:116:13)
    at Socket.emit (events.js:211:7)
    at addChunk (_stream_readable.js:263:12)
[2017-12-06T10:33:18.116] [ERROR] default - TypeError: Cannot read property 'length' of undefined
    at Query._callback (C:\Users\Administrator\Desktop\git\node\checkin\controllers\login\login.js:36:25)
    at Query.Sequence.end (C:\Users\Administrator\Desktop\git\node\checkin\node_modules\_mysql@2.15.0@mysql\lib\protocol\sequences\Sequence.js:88:24)
    at Query.ErrorPacket (C:\Users\Administrator\Desktop\git\node\checkin\node_modules\_mysql@2.15.0@mysql\lib\protocol\sequences\Query.js:90:8)
    at Protocol._parsePacket (C:\Users\Administrator\Desktop\git\node\checkin\node_modules\_mysql@2.15.0@mysql\lib\protocol\Protocol.js:279:23)
    at Parser.write (C:\Users\Administrator\Desktop\git\node\checkin\node_modules\_mysql@2.15.0@mysql\lib\protocol\Parser.js:76:12)
    at Protocol.write (C:\Users\Administrator\Desktop\git\node\checkin\node_modules\_mysql@2.15.0@mysql\lib\protocol\Protocol.js:39:16)
    at Socket.<anonymous> (C:\Users\Administrator\Desktop\git\node\checkin\node_modules\_mysql@2.15.0@mysql\lib\Connection.js:103:28)
    at emitOne (events.js:116:13)
    at Socket.emit (events.js:211:7)
    at addChunk (_stream_readable.js:263:12)
[2017-12-06T10:33:54.264] [ERROR] default - TypeError: Cannot read property 'length' of undefined
    at Query._callback (C:\Users\Administrator\Desktop\git\node\checkin\controllers\login\login.js:36:25)
    at Query.Sequence.end (C:\Users\Administrator\Desktop\git\node\checkin\node_modules\_mysql@2.15.0@mysql\lib\protocol\sequences\Sequence.js:88:24)
    at Query.ErrorPacket (C:\Users\Administrator\Desktop\git\node\checkin\node_modules\_mysql@2.15.0@mysql\lib\protocol\sequences\Query.js:90:8)
    at Protocol._parsePacket (C:\Users\Administrator\Desktop\git\node\checkin\node_modules\_mysql@2.15.0@mysql\lib\protocol\Protocol.js:279:23)
    at Parser.write (C:\Users\Administrator\Desktop\git\node\checkin\node_modules\_mysql@2.15.0@mysql\lib\protocol\Parser.js:76:12)
    at Protocol.write (C:\Users\Administrator\Desktop\git\node\checkin\node_modules\_mysql@2.15.0@mysql\lib\protocol\Protocol.js:39:16)
    at Socket.<anonymous> (C:\Users\Administrator\Desktop\git\node\checkin\node_modules\_mysql@2.15.0@mysql\lib\Connection.js:103:28)
    at emitOne (events.js:116:13)
    at Socket.emit (events.js:211:7)
    at addChunk (_stream_readable.js:263:12)
[2017-12-06T12:31:24.091] [INFO] default - 新增客户sql: INSERT INTO customer (c_name,c_lx,c_number,c_tel,c_sex,c_hj,c_age,c_bz,lr_renyuan,c_mean,m_addtime) values ("12343455",0,"","18665263365",1,"北京市,市辖区,朝阳区",18,"1234
2153
555","140","意向客户",NOW()) 
[2017-12-06T12:33:43.000] [INFO] default - 新增客户sql: INSERT INTO customer (c_name,c_lx,c_number,c_tel,c_sex,c_hj,c_age,c_bz,lr_renyuan,c_mean,m_addtime) values ("灌灌灌灌",0,"","1866596687",1,"北京市,市辖区,朝阳区",18,"1
2
3
4","142","意向客户",NOW()) 
